<?xml version='1.0' encoding='UTF-8' standalone='no' ?><?xml-stylesheet type="text/xsl" href="compatibility_result.xsl"?>
<Result start="1686803801475" end="1686805332864" start_display="Thu Jun 15 12:36:41 CST 2023" end_display="Thu Jun 15 13:02:12 CST 2023" command_line_args="cts -m CtsJobSchedulerTestCases --enable-token-sharding" suite_name="CTS" suite_variant="CTS" suite_version="12.1_r6" suite_plan="cts" suite_build_number="10118587" report_version="5.0" devices="ABC,DEF" host_name="foo.google.com" os_name="Linux" os_version="6.1.25-1rodete1-amd64" os_arch="amd64" java_vendor="Oracle Corporation" java_version="11.0.4">
    <Build invocation-id="3" command_line_args="cts -m CtsJobSchedulerTestCases --enable-token-sharding" invocation-external-dependencies="com.android.tradefed.dependencies.connectivity.NetworkDependency" adb_version="1.0.41 subVersion: 33.0.1-eng.vincen.20220331.113409 install path: /usr/local/.../devtools/mobileharness/platform/android/sdktool/binary/platform-tools/adb" java_version="11.0.4" java_classpath="/usr/local/.../android-cts-12.1_r6-linux_x86-arm/android-cts/tools/../../android-cts/tools/tradefed.jar:/usr/local/.../android-cts-12.1_r6-linux_x86-arm/android-cts/tools/../../android-cts/tools/compatibility-host-util.jar:/usr/local/.../android-cts-12.1_r6-linux_x86-arm/android-cts/tools/../../android-cts/tools/compatibility-tradefed.jar:/usr/local/.../android-cts-12.1_r6-linux_x86-arm/android-cts/tools/../../android-cts/tools/cts-tradefed.jar:/usr/local/.../android-cts-12.1_r6-linux_x86-arm/android-cts/tools/../../android-cts/tools/cts-tradefed-tests.jar:/usr/local/.../android-cts-12.1_r6-linux_x86-arm/android-cts/tools/../../android-cts/tools/loganalysis.jar:/usr/local/.../android-cts-12.1_r6-linux_x86-arm/android-cts/tools/../../android-cts/tools/tradefed-no-fwk.jar:/usr/local/.../android-cts-12.1_r6-linux_x86-arm/android-cts/tools/../../android-cts/tools/tradefed-test-framework.jar:/usr/local/.../android-cts-12.1_r6-linux_x86-arm/android-cts/tools/../../android-cts/testcases/android.core.vm-tests-tf.jar:/usr/local/.../android-cts-12.1_r6-linux_x86-arm/android-cts/tools/../../android-cts/testcases/compatibility-host-provider-preconditions.jar:/usr/local/.../android-cts-12.1_r6-linux_x86-arm/android-cts/tools/../../android-cts/testcases/compatibility-host-telephony-preconditions.jar:/usr/local/.../android-cts-12.1_r6-linux_x86-arm/android-cts/tools/../../android-cts/testcases/compatibility-host-vm-targetprep.jar:/usr/local/.../android-cts-12.1_r6-linux_x86-arm/android-cts/tools/../../android-cts/testcases/CtsAbiOverrideHostTestCases.jar:/usr/local/.../android-cts-12.1_r6-linux_x86-arm/android-cts/tools/../../android-cts/testcases/CtsAccountsHostTestCases.jar:/usr/local/.../android-cts-12.1_r6-linux_x86-arm/android-cts/tools/../../android-cts/testcases/CtsAdbHostTestCases.jar:/usr/local/.../android-cts-12.1_r6-linux_x86-arm/android-cts/tools/../../android-cts/testcases/CtsAdbManagerHostTestCases.jar:/usr/local/.../android-cts-12.1_r6-linux_x86-arm/android-cts/tools/../../android-cts/testcases/CtsAngleIntegrationHostTestCases.jar:/usr/local/.../android-cts-12.1_r6-linux_x86-arm/android-cts/tools/../../android-cts/testcases/CtsApexTestCases.jar:/usr/local/.../android-cts-12.1_r6-linux_x86-arm/android-cts/tools/../../android-cts/testcases/CtsAppBindingHostTestCases.jar:/usr/local/.../android-cts-12.1_r6-linux_x86-arm/android-cts/tools/../../android-cts/testcases/CtsAppCloningHostTest.jar:/usr/local/.../android-cts-12.1_r6-linux_x86-arm/android-cts/tools/../../android-cts/testcases/CtsAppCompatHostTestCases.jar:/usr/local/.../android-cts-12.1_r6-linux_x86-arm/android-cts/tools/../../android-cts/testcases/CtsAppSearchHostTestCases.jar:/usr/local/.../android-cts-12.1_r6-linux_x86-arm/android-cts/tools/../../android-cts/testcases/CtsAppSecurityHostTestCases.jar:/usr/local/.../android-cts-12.1_r6-linux_x86-arm/android-cts/tools/../../android-cts/testcases/CtsAppUsageHostTestCases.jar:/usr/local/.../android-cts-12.1_r6-linux_x86-arm/android-cts/tools/../../android-cts/testcases/CtsAtraceHostTestCases.jar:/usr/local/.../android-cts-12.1_r6-linux_x86-arm/android-cts/tools/../../android-cts/testcases/CtsBackupHostTestCases.jar:/usr/local/.../android-cts-12.1_r6-linux_x86-arm/android-cts/tools/../../android-cts/testcases/CtsBlobStoreHostTestCases.jar:/usr/local/.../android-cts-12.1_r6-linux_x86-arm/android-cts/tools/../../android-cts/testcases/CtsBootStatsTestCases.jar:/usr/local/.../android-cts-12.1_r6-linux_x86-arm/android-cts/tools/../../android-cts/testcases/CtsCallLogTestCases.jar:/usr/local/.../android-cts-12.1_r6-linux_x86-arm/android-cts/tools/../../android-cts/testcases/CtsCarHostTestCases.jar:/usr/local/.../android-cts-12.1_r6-linux_x86-arm/android-cts/tools/../../android-cts/testcases/CtsClassloaderSplitsHostTestCases.jar:/usr/local/.../android-cts-12.1_r6-linux_x86-arm/android-cts/tools/../../android-cts/testcases/CtsClasspathsTestCases.jar:/usr/local/.../android-cts-12.1_r6-linux_x86-arm/android-cts/tools/../../android-cts/testcases/CtsCodePathHostTestCases.jar:/usr/local/.../android-cts-12.1_r6-linux_x86-arm/android-cts/tools/../../android-cts/testcases/CtsCompilationTestCases.jar:/usr/local/.../android-cts-12.1_r6-linux_x86-arm/android-cts/tools/../../android-cts/testcases/CtsCppToolsTestCases.jar:/usr/local/.../android-cts-12.1_r6-linux_x86-arm/android-cts/tools/../../android-cts/testcases/cts-dalvik-device-test-runner.jar:/usr/local/.../android-cts-12.1_r6-linux_x86-arm/android-cts/tools/../../android-cts/testcases/cts-dalvik-host-test-runner.jar:/usr/local/.../android-cts-12.1_r6-linux_x86-arm/android-cts/tools/../../android-cts/testcases/CtsDeqpTestCases.jar:/usr/local/.../android-cts-12.1_r6-linux_x86-arm/android-cts/tools/../../android-cts/testcases/CtsDeviceIdleHostTestCases.jar:/usr/local/.../android-cts-12.1_r6-linux_x86-arm/android-cts/tools/../../android-cts/testcases/CtsDevicePolicyManagerTestCases.jar:/usr/local/.../android-cts-12.1_r6-linux_x86-arm/android-cts/tools/../../android-cts/testcases/CtsDexMetadataHostTestCases.jar:/usr/local/.../android-cts-12.1_r6-linux_x86-arm/android-cts/tools/../../android-cts/testcases/CtsDomainVerificationHostTestCases.jar:/usr/local/.../android-cts-12.1_r6-linux_x86-arm/android-cts/tools/../../android-cts/testcases/CtsDumpsysHostTestCases.jar:/usr/local/.../android-cts-12.1_r6-linux_x86-arm/android-cts/tools/../../android-cts/testcases/CtsDynamicMimeHostTestCases.jar:/usr/local/.../android-cts-12.1_r6-linux_x86-arm/android-cts/tools/../../android-cts/testcases/CtsEdiHostTestCases.jar:/usr/local/.../android-cts-12.1_r6-linux_x86-arm/android-cts/tools/../../android-cts/testcases/CtsExtractNativeLibsHostTestCases.jar:/usr/local/.../android-cts-12.1_r6-linux_x86-arm/android-cts/tools/../../android-cts/testcases/CtsFrameRateOverrideTestCases.jar:/usr/local/.../android-cts-12.1_r6-linux_x86-arm/android-cts/tools/../../android-cts/testcases/CtsGpuProfilingDataTestCases.jar:/usr/local/.../android-cts-12.1_r6-linux_x86-arm/android-cts/tools/../../android-cts/testcases/CtsGpuToolsHostTestCases.jar:/usr/local/.../android-cts-12.1_r6-linux_x86-arm/android-cts/tools/../../android-cts/testcases/CtsHarmfulAppWarningHostTestCases.jar:/usr/local/.../android-cts-12.1_r6-linux_x86-arm/android-cts/tools/../../android-cts/testcases/CtsHdmiCecHostTestCases.jar:/usr/local/.../android-cts-12.1_r6-linux_x86-arm/android-cts/tools/../../android-cts/testcases/CtsHostsideHiddenapiTests.jar:/usr/local/.../android-cts-12.1_r6-linux_x86-arm/android-cts/tools/../../android-cts/testcases/CtsHostsideNetworkTests.jar:/usr/local/.../android-cts-12.1_r6-linux_x86-arm/android-cts/tools/../../android-cts/testcases/CtsHostsideNumberBlockingTestCases.jar:/usr/local/.../android-cts-12.1_r6-linux_x86-arm/android-cts/tools/../../android-cts/testcases/CtsHostsideTvTests.jar:/usr/local/.../android-cts-12.1_r6-linux_x86-arm/android-cts/tools/../../android-cts/testcases/CtsHostsideWebViewTests.jar:/usr/local/.../android-cts-12.1_r6-linux_x86-arm/android-cts/tools/../../android-cts/testcases/CtsHostTzDataTests.jar:/usr/local/.../android-cts-12.1_r6-linux_x86-arm/android-cts/tools/../../android-cts/testcases/CtsIcu4cTestCases.jar:/usr/local/.../android-cts-12.1_r6-linux_x86-arm/android-cts/tools/../../android-cts/testcases/CtsIncidentHostTestCases.jar:/usr/local/.../android-cts-12.1_r6-linux_x86-arm/android-cts/tools/../../android-cts/testcases/CtsIncrementalInstallHostTestCases.jar:/usr/local/.../android-cts-12.1_r6-linux_x86-arm/android-cts/tools/../../android-cts/testcases/CtsInputMethodServiceCommon.jar:/usr/local/.../android-cts-12.1_r6-linux_x86-arm/android-cts/tools/../../android-cts/testcases/CtsInputMethodServiceHostTestCases.jar:/usr/local/.../android-cts-12.1_r6-linux_x86-arm/android-cts/tools/../../android-cts/testcases/CtsInputMethodServiceLib.jar:/usr/local/.../android-cts-12.1_r6-linux_x86-arm/android-cts/tools/../../android-cts/testcases/CtsInstalledLoadingProgressHostTests.jar:/usr/local/.../android-cts-12.1_r6-linux_x86-arm/android-cts/tools/../../android-cts/testcases/CtsInstallHostTestCases.jar:/usr/local/.../android-cts-12.1_r6-linux_x86-arm/android-cts/tools/../../android-cts/testcases/CtsJdwpApp.jar:/usr/local/.../android-cts-12.1_r6-linux_x86-arm/android-cts/tools/../../android-cts/testcases/CtsJdwpSecurityHostTestCases.jar:/usr/local/.../android-cts-12.1_r6-linux_x86-arm/android-cts/tools/../../android-cts/testcases/CtsJdwpTestCases.jar:/usr/local/.../android-cts-12.1_r6-linux_x86-arm/android-cts/tools/../../android-cts/testcases/CtsJdwpTunnelHostTestCases.jar:/usr/local/.../android-cts-12.1_r6-linux_x86-arm/android-cts/tools/../../android-cts/testcases/CtsJvmtiAttachingHostTestCases.jar:/usr/local/.../android-cts-12.1_r6-linux_x86-arm/android-cts/tools/../../android-cts/testcases/CtsJvmtiRedefineClassesHostTestCases.jar:/usr/local/.../android-cts-12.1_r6-linux_x86-arm/android-cts/tools/../../android-cts/testcases/CtsJvmtiRunTest1900HostTestCases.jar:/usr/local/.../android-cts-12.1_r6-linux_x86-arm/android-cts/tools/../../android-cts/testcases/CtsJvmtiRunTest1901HostTestCases.jar:/usr/local/.../android-cts-12.1_r6-linux_x86-arm/android-cts/tools/../../android-cts/testcases/CtsJvmtiRunTest1902HostTestCases.jar:/usr/local/.../android-cts-12.1_r6-linux_x86-arm/android-cts/tools/../../android-cts/testcases/CtsJvmtiRunTest1903HostTestCases.jar:/usr/local/.../android-cts-12.1_r6-linux_x86-arm/android-cts/tools/../../android-cts/testcases/CtsJvmtiRunTest1904HostTestCases.jar:/usr/local/.../android-cts-12.1_r6-linux_x86-arm/android-cts/tools/../../android-cts/testcases/CtsJvmtiRunTest1906HostTestCases.jar:/usr/local/.../android-cts-12.1_r6-linux_x86-arm/android-cts/tools/../../android-cts/testcases/CtsJvmtiRunTest1907HostTestCases.jar:/usr/local/.../android-cts-12.1_r6-linux_x86-arm/android-cts/tools/../../android-cts/testcases/CtsJvmtiRunTest1908HostTestCases.jar:/usr/local/.../android-cts-12.1_r6-linux_x86-arm/android-cts/tools/../../android-cts/testcases/CtsJvmtiRunTest1909HostTestCases.jar:/usr/local/.../android-cts-12.1_r6-linux_x86-arm/android-cts/tools/../../android-cts/testcases/CtsJvmtiRunTest1910HostTestCases.jar:/usr/local/.../android-cts-12.1_r6-linux_x86-arm/android-cts/tools/../../android-cts/testcases/CtsJvmtiRunTest1911HostTestCases.jar:/usr/local/.../android-cts-12.1_r6-linux_x86-arm/android-cts/tools/../../android-cts/testcases/CtsJvmtiRunTest1912HostTestCases.jar:/usr/local/.../android-cts-12.1_r6-linux_x86-arm/android-cts/tools/../../android-cts/testcases/CtsJvmtiRunTest1913HostTestCases.jar:/usr/local/.../android-cts-12.1_r6-linux_x86-arm/android-cts/tools/../../android-cts/testcases/CtsJvmtiRunTest1914HostTestCases.jar:/usr/local/.../android-cts-12.1_r6-linux_x86-arm/android-cts/tools/../../android-cts/testcases/CtsJvmtiRunTest1915HostTestCases.jar:/usr/local/.../android-cts-12.1_r6-linux_x86-arm/android-cts/tools/../../android-cts/testcases/CtsJvmtiRunTest1916HostTestCases.jar:/usr/local/.../android-cts-12.1_r6-linux_x86-arm/android-cts/tools/../../android-cts/testcases/CtsJvmtiRunTest1917HostTestCases.jar:/usr/local/.../android-cts-12.1_r6-linux_x86-arm/android-cts/tools/../../android-cts/testcases/CtsJvmtiRunTest1920HostTestCases.jar:/usr/local/.../android-cts-12.1_r6-linux_x86-arm/android-cts/tools/../../android-cts/testcases/CtsJvmtiRunTest1921HostTestCases.jar:/usr/local/.../android-cts-12.1_r6-linux_x86-arm/android-cts/tools/../../android-cts/testcases/CtsJvmtiRunTest1922HostTestCases.jar:/usr/local/.../android-cts-12.1_r6-linux_x86-arm/android-cts/tools/../../android-cts/testcases/CtsJvmtiRunTest1923HostTestCases.jar:/usr/local/.../android-cts-12.1_r6-linux_x86-arm/android-cts/tools/../../android-cts/testcases/CtsJvmtiRunTest1924HostTestCases.jar:/usr/local/.../android-cts-12.1_r6-linux_x86-arm/android-cts/tools/../../android-cts/testcases/CtsJvmtiRunTest1925HostTestCases.jar:/usr/local/.../android-cts-12.1_r6-linux_x86-arm/android-cts/tools/../../android-cts/testcases/CtsJvmtiRunTest1926HostTestCases.jar:/usr/local/.../android-cts-12.1_r6-linux_x86-arm/android-cts/tools/../../android-cts/testcases/CtsJvmtiRunTest1927HostTestCases.jar:/usr/local/.../android-cts-12.1_r6-linux_x86-arm/android-cts/tools/../../android-cts/testcases/CtsJvmtiRunTest1928HostTestCases.jar:/usr/local/.../android-cts-12.1_r6-linux_x86-arm/android-cts/tools/../../android-cts/testcases/CtsJvmtiRunTest1930HostTestCases.jar:/usr/local/.../android-cts-12.1_r6-linux_x86-arm/android-cts/tools/../../android-cts/testcases/CtsJvmtiRunTest1931HostTestCases.jar:/usr/local/.../android-cts-12.1_r6-linux_x86-arm/android-cts/tools/../../android-cts/testcases/CtsJvmtiRunTest1932HostTestCases.jar:/usr/local/.../android-cts-12.1_r6-linux_x86-arm/android-cts/tools/../../android-cts/testcases/CtsJvmtiRunTest1933HostTestCases.jar:/usr/local/.../android-cts-12.1_r6-linux_x86-arm/android-cts/tools/../../android-cts/testcases/CtsJvmtiRunTest1934HostTestCases.jar:/usr/local/.../android-cts-12.1_r6-linux_x86-arm/android-cts/tools/../../android-cts/testcases/CtsJvmtiRunTest1936HostTestCases.jar:/usr/local/.../android-cts-12.1_r6-linux_x86-arm/android-cts/tools/../../android-cts/testcases/CtsJvmtiRunTest1937HostTestCases.jar:/usr/local/.../android-cts-12.1_r6-linux_x86-arm/android-cts/tools/../../android-cts/testcases/CtsJvmtiRunTest1939HostTestCases.jar:/usr/local/.../android-cts-12.1_r6-linux_x86-arm/android-cts/tools/../../android-cts/testcases/CtsJvmtiRunTest1941HostTestCases.jar:/usr/local/.../android-cts-12.1_r6-linux_x86-arm/android-cts/tools/../../android-cts/testcases/CtsJvmtiRunTest1942HostTestCases.jar:/usr/local/.../android-cts-12.1_r6-linux_x86-arm/android-cts/tools/../../android-cts/testcases/CtsJvmtiRunTest1943HostTestCases.jar:/usr/local/.../android-cts-12.1_r6-linux_x86-arm/android-cts/tools/../../android-cts/testcases/CtsJvmtiRunTest1953HostTestCases.jar:/usr/local/.../android-cts-12.1_r6-linux_x86-arm/android-cts/tools/../../android-cts/testcases/CtsJvmtiRunTest1958HostTestCases.jar:/usr/local/.../android-cts-12.1_r6-linux_x86-arm/android-cts/tools/../../android-cts/testcases/CtsJvmtiRunTest1962HostTestCases.jar:/usr/local/.../android-cts-12.1_r6-linux_x86-arm/android-cts/tools/../../android-cts/testcases/CtsJvmtiRunTest1967HostTestCases.jar:/usr/local/.../android-cts-12.1_r6-linux_x86-arm/android-cts/tools/../../android-cts/testcases/CtsJvmtiRunTest1968HostTestCases.jar:/usr/local/.../android-cts-12.1_r6-linux_x86-arm/android-cts/tools/../../android-cts/testcases/CtsJvmtiRunTest1969HostTestCases.jar:/usr/local/.../android-cts-12.1_r6-linux_x86-arm/android-cts/tools/../../android-cts/testcases/CtsJvmtiRunTest1970HostTestCases.jar:/usr/local/.../android-cts-12.1_r6-linux_x86-arm/android-cts/tools/../../android-cts/testcases/CtsJvmtiRunTest1971HostTestCases.jar:/usr/local/.../android-cts-12.1_r6-linux_x86-arm/android-cts/tools/../../android-cts/testcases/CtsJvmtiRunTest1974HostTestCases.jar:/usr/local/.../android-cts-12.1_r6-linux_x86-arm/android-cts/tools/../../android-cts/testcases/CtsJvmtiRunTest1975HostTestCases.jar:/usr/local/.../android-cts-12.1_r6-linux_x86-arm/android-cts/tools/../../android-cts/testcases/CtsJvmtiRunTest1976HostTestCases.jar:/usr/local/.../android-cts-12.1_r6-linux_x86-arm/android-cts/tools/../../android-cts/testcases/CtsJvmtiRunTest1977HostTestCases.jar:/usr/local/.../android-cts-12.1_r6-linux_x86-arm/android-cts/tools/../../android-cts/testcases/CtsJvmtiRunTest1978HostTestCases.jar:/usr/local/.../android-cts-12.1_r6-linux_x86-arm/android-cts/tools/../../android-cts/testcases/CtsJvmtiRunTest1979HostTestCases.jar:/usr/local/.../android-cts-12.1_r6-linux_x86-arm/android-cts/tools/../../android-cts/testcases/CtsJvmtiRunTest1981HostTestCases.jar:/usr/local/.../android-cts-12.1_r6-linux_x86-arm/android-cts/tools/../../android-cts/testcases/CtsJvmtiRunTest1982HostTestCases.jar:/usr/local/.../android-cts-12.1_r6-linux_x86-arm/android-cts/tools/../../android-cts/testcases/CtsJvmtiRunTest1983HostTestCases.jar:/usr/local/.../android-cts-12.1_r6-linux_x86-arm/android-cts/tools/../../android-cts/testcases/CtsJvmtiRunTest1984HostTestCases.jar:/usr/local/.../android-cts-12.1_r6-linux_x86-arm/android-cts/tools/../../android-cts/testcases/CtsJvmtiRunTest1988HostTestCases.jar:/usr/local/.../android-cts-12.1_r6-linux_x86-arm/android-cts/tools/../../android-cts/testcases/CtsJvmtiRunTest1989HostTestCases.jar:/usr/local/.../android-cts-12.1_r6-linux_x86-arm/android-cts/tools/../../android-cts/testcases/CtsJvmtiRunTest1990HostTestCases.jar:/usr/local/.../android-cts-12.1_r6-linux_x86-arm/android-cts/tools/../../android-cts/testcases/CtsJvmtiRunTest1991HostTestCases.jar:/usr/local/.../android-cts-12.1_r6-linux_x86-arm/android-cts/tools/../../android-cts/testcases/CtsJvmtiRunTest1992HostTestCases.jar:/usr/local/.../android-cts-12.1_r6-linux_x86-arm/android-cts/tools/../../android-cts/testcases/CtsJvmtiRunTest1994HostTestCases.jar:/usr/local/.../android-cts-12.1_r6-linux_x86-arm/android-cts/tools/../../android-cts/testcases/CtsJvmtiRunTest1995HostTestCases.jar:/usr/local/.../android-cts-12.1_r6-linux_x86-arm/android-cts/tools/../../android-cts/testcases/CtsJvmtiRunTest1996HostTestCases.jar:/usr/local/.../android-cts-12.1_r6-linux_x86-arm/android-cts/tools/../../android-cts/testcases/CtsJvmtiRunTest1997HostTestCases.jar:/usr/local/.../android-cts-12.1_r6-linux_x86-arm/android-cts/tools/../../android-cts/testcases/CtsJvmtiRunTest1998HostTestCases.jar:/usr/local/.../android-cts-12.1_r6-linux_x86-arm/android-cts/tools/../../android-cts/testcases/CtsJvmtiRunTest1999HostTestCases.jar:/usr/local/.../android-cts-12.1_r6-linux_x86-arm/android-cts/tools/../../android-cts/testcases/CtsJvmtiRunTest2001HostTestCases.jar:/usr/local/.../android-cts-12.1_r6-linux_x86-arm/android-cts/tools/../../android-cts/testcases/CtsJvmtiRunTest2002HostTestCases.jar:/usr/local/.../android-cts-12.1_r6-linux_x86-arm/android-cts/tools/../../android-cts/testcases/CtsJvmtiRunTest2003HostTestCases.jar:/usr/local/.../android-cts-12.1_r6-linux_x86-arm/android-cts/tools/../../android-cts/testcases/CtsJvmtiRunTest2004HostTestCases.jar:/usr/local/.../android-cts-12.1_r6-linux_x86-arm/android-cts/tools/../../android-cts/testcases/CtsJvmtiRunTest2005HostTestCases.jar:/usr/local/.../android-cts-12.1_r6-linux_x86-arm/android-cts/tools/../../android-cts/testcases/CtsJvmtiRunTest2006HostTestCases.jar:/usr/local/.../android-cts-12.1_r6-linux_x86-arm/android-cts/tools/../../android-cts/testcases/CtsJvmtiRunTest2007HostTestCases.jar:/usr/local/.../android-cts-12.1_r6-linux_x86-arm/android-cts/tools/../../android-cts/testcases/CtsJvmtiRunTest902HostTestCases.jar:/usr/local/.../android-cts-12.1_r6-linux_x86-arm/android-cts/tools/../../android-cts/testcases/CtsJvmtiRunTest903HostTestCases.jar:/usr/local/.../android-cts-12.1_r6-linux_x86-arm/android-cts/tools/../../android-cts/testcases/CtsJvmtiRunTest904HostTestCases.jar:/usr/local/.../android-cts-12.1_r6-linux_x86-arm/android-cts/tools/../../android-cts/testcases/CtsJvmtiRunTest905HostTestCases.jar:/usr/local/.../android-cts-12.1_r6-linux_x86-arm/android-cts/tools/../../android-cts/testcases/CtsJvmtiRunTest906HostTestCases.jar:/usr/local/.../android-cts-12.1_r6-linux_x86-arm/android-cts/tools/../../android-cts/testcases/CtsJvmtiRunTest907HostTestCases.jar:/usr/local/.../android-cts-12.1_r6-linux_x86-arm/android-cts/tools/../../android-cts/testcases/CtsJvmtiRunTest908HostTestCases.jar:/usr/local/.../android-cts-12.1_r6-linux_x86-arm/android-cts/tools/../../android-cts/testcases/CtsJvmtiRunTest910HostTestCases.jar:/usr/local/.../android-cts-12.1_r6-linux_x86-arm/android-cts/tools/../../android-cts/testcases/CtsJvmtiRunTest911HostTestCases.jar:/usr/local/.../android-cts-12.1_r6-linux_x86-arm/android-cts/tools/../../android-cts/testcases/CtsJvmtiRunTest912HostTestCases.jar:/usr/local/.../android-cts-12.1_r6-linux_x86-arm/android-cts/tools/../../android-cts/testcases/CtsJvmtiRunTest913HostTestCases.jar:/usr/local/.../android-cts-12.1_r6-linux_x86-arm/android-cts/tools/../../android-cts/testcases/CtsJvmtiRunTest914HostTestCases.jar:/usr/local/.../android-cts-12.1_r6-linux_x86-arm/android-cts/tools/../../android-cts/testcases/CtsJvmtiRunTest915HostTestCases.jar:/usr/local/.../android-cts-12.1_r6-linux_x86-arm/android-cts/tools/../../android-cts/testcases/CtsJvmtiRunTest917HostTestCases.jar:/usr/local/.../android-cts-12.1_r6-linux_x86-arm/android-cts/tools/../../android-cts/testcases/CtsJvmtiRunTest918HostTestCases.jar:/usr/local/.../android-cts-12.1_r6-linux_x86-arm/android-cts/tools/../../android-cts/testcases/CtsJvmtiRunTest919HostTestCases.jar:/usr/local/.../android-cts-12.1_r6-linux_x86-arm/android-cts/tools/../../android-cts/testcases/CtsJvmtiRunTest920HostTestCases.jar:/usr/local/.../android-cts-12.1_r6-linux_x86-arm/android-cts/tools/../../android-cts/testcases/CtsJvmtiRunTest922HostTestCases.jar:/usr/local/.../android-cts-12.1_r6-linux_x86-arm/android-cts/tools/../../android-cts/testcases/CtsJvmtiRunTest923HostTestCases.jar:/usr/local/.../android-cts-12.1_r6-linux_x86-arm/android-cts/tools/../../android-cts/testcases/CtsJvmtiRunTest924HostTestCases.jar:/usr/local/.../android-cts-12.1_r6-linux_x86-arm/android-cts/tools/../../android-cts/testcases/CtsJvmtiRunTest926HostTestCases.jar:/usr/local/.../android-cts-12.1_r6-linux_x86-arm/android-cts/tools/../../android-cts/testcases/CtsJvmtiRunTest927HostTestCases.jar:/usr/local/.../android-cts-12.1_r6-linux_x86-arm/android-cts/tools/../../android-cts/testcases/CtsJvmtiRunTest928HostTestCases.jar:/usr/local/.../android-cts-12.1_r6-linux_x86-arm/android-cts/tools/../../android-cts/testcases/CtsJvmtiRunTest930HostTestCases.jar:/usr/local/.../android-cts-12.1_r6-linux_x86-arm/android-cts/tools/../../android-cts/testcases/CtsJvmtiRunTest931HostTestCases.jar:/usr/local/.../android-cts-12.1_r6-linux_x86-arm/android-cts/tools/../../android-cts/testcases/CtsJvmtiRunTest932HostTestCases.jar:/usr/local/.../android-cts-12.1_r6-linux_x86-arm/android-cts/tools/../../android-cts/testcases/CtsJvmtiRunTest940HostTestCases.jar:/usr/local/.../android-cts-12.1_r6-linux_x86-arm/android-cts/tools/../../android-cts/testcases/CtsJvmtiRunTest942HostTestCases.jar:/usr/local/.../android-cts-12.1_r6-linux_x86-arm/android-cts/tools/../../android-cts/testcases/CtsJvmtiRunTest944HostTestCases.jar:/usr/local/.../android-cts-12.1_r6-linux_x86-arm/android-cts/tools/../../android-cts/testcases/CtsJvmtiRunTest945HostTestCases.jar:/usr/local/.../android-cts-12.1_r6-linux_x86-arm/android-cts/tools/../../android-cts/testcases/CtsJvmtiRunTest947HostTestCases.jar:/usr/local/.../android-cts-12.1_r6-linux_x86-arm/android-cts/tools/../../android-cts/testcases/CtsJvmtiRunTest951HostTestCases.jar:/usr/local/.../android-cts-12.1_r6-linux_x86-arm/android-cts/tools/../../android-cts/testcases/CtsJvmtiRunTest982HostTestCases.jar:/usr/local/.../android-cts-12.1_r6-linux_x86-arm/android-cts/tools/../../android-cts/testcases/CtsJvmtiRunTest983HostTestCases.jar:/usr/local/.../android-cts-12.1_r6-linux_x86-arm/android-cts/tools/../../android-cts/testcases/CtsJvmtiRunTest984HostTestCases.jar:/usr/local/.../android-cts-12.1_r6-linux_x86-arm/android-cts/tools/../../android-cts/testcases/CtsJvmtiRunTest985HostTestCases.jar:/usr/local/.../android-cts-12.1_r6-linux_x86-arm/android-cts/tools/../../android-cts/testcases/CtsJvmtiRunTest986HostTestCases.jar:/usr/local/.../android-cts-12.1_r6-linux_x86-arm/android-cts/tools/../../android-cts/testcases/CtsJvmtiRunTest988HostTestCases.jar:/usr/local/.../android-cts-12.1_r6-linux_x86-arm/android-cts/tools/../../android-cts/testcases/CtsJvmtiRunTest989HostTestCases.jar:/usr/local/.../android-cts-12.1_r6-linux_x86-arm/android-cts/tools/../../android-cts/testcases/CtsJvmtiRunTest990HostTestCases.jar:/usr/local/.../android-cts-12.1_r6-linux_x86-arm/android-cts/tools/../../android-cts/testcases/CtsJvmtiRunTest991HostTestCases.jar:/usr/local/.../android-cts-12.1_r6-linux_x86-arm/android-cts/tools/../../android-cts/testcases/CtsJvmtiRunTest992HostTestCases.jar:/usr/local/.../android-cts-12.1_r6-linux_x86-arm/android-cts/tools/../../android-cts/testcases/CtsJvmtiRunTest993HostTestCases.jar:/usr/local/.../android-cts-12.1_r6-linux_x86-arm/android-cts/tools/../../android-cts/testcases/CtsJvmtiRunTest994HostTestCases.jar:/usr/local/.../android-cts-12.1_r6-linux_x86-arm/android-cts/tools/../../android-cts/testcases/CtsJvmtiRunTest995HostTestCases.jar:/usr/local/.../android-cts-12.1_r6-linux_x86-arm/android-cts/tools/../../android-cts/testcases/CtsJvmtiRunTest996HostTestCases.jar:/usr/local/.../android-cts-12.1_r6-linux_x86-arm/android-cts/tools/../../android-cts/testcases/CtsJvmtiRunTest997HostTestCases.jar:/usr/local/.../android-cts-12.1_r6-linux_x86-arm/android-cts/tools/../../android-cts/testcases/CtsJvmtiTaggingHostTestCases.jar:/usr/local/.../android-cts-12.1_r6-linux_x86-arm/android-cts/tools/../../android-cts/testcases/CtsJvmtiTrackingHostTestCases.jar:/usr/local/.../android-cts-12.1_r6-linux_x86-arm/android-cts/tools/../../android-cts/testcases/CtsLocationTimeZoneManagerHostTest.jar:/usr/local/.../android-cts-12.1_r6-linux_x86-arm/android-cts/tools/../../android-cts/testcases/CtsMediaBitstreamsTestCases.jar:/usr/local/.../android-cts-12.1_r6-linux_x86-arm/android-cts/tools/../../android-cts/testcases/CtsMediaHostTestCases.jar:/usr/local/.../android-cts-12.1_r6-linux_x86-arm/android-cts/tools/../../android-cts/testcases/CtsMediaParserHostTestCases.jar:/usr/local/.../android-cts-12.1_r6-linux_x86-arm/android-cts/tools/../../android-cts/testcases/CtsMonkeyTestCases.jar:/usr/local/.../android-cts-12.1_r6-linux_x86-arm/android-cts/tools/../../android-cts/testcases/CtsMultiUserHostTestCases.jar:/usr/local/.../android-cts-12.1_r6-linux_x86-arm/android-cts/tools/../../android-cts/testcases/CtsOsHostTestCases.jar:/usr/local/.../android-cts-12.1_r6-linux_x86-arm/android-cts/tools/../../android-cts/testcases/CtsPackageManagerMultiUserHostTestCases.jar:/usr/local/.../android-cts-12.1_r6-linux_x86-arm/android-cts/tools/../../android-cts/testcases/CtsPackageManagerParsingHostTestCases.jar:/usr/local/.../android-cts-12.1_r6-linux_x86-arm/android-cts/tools/../../android-cts/testcases/CtsPackageManagerPreferredActivityHostTestCases.jar:/usr/local/.../android-cts-12.1_r6-linux_x86-arm/android-cts/tools/../../android-cts/testcases/CtsPackageManagerStatsHostTestCases.jar:/usr/local/.../android-cts-12.1_r6-linux_x86-arm/android-cts/tools/../../android-cts/testcases/CtsRollbackManagerHostTestCases.jar:/usr/local/.../android-cts-12.1_r6-linux_x86-arm/android-cts/tools/../../android-cts/testcases/CtsSampleHostTestCases.jar:/usr/local/.../android-cts-12.1_r6-linux_x86-arm/android-cts/tools/../../android-cts/testcases/CtsScopedStorageCoreHostTest.jar:/usr/local/.../android-cts-12.1_r6-linux_x86-arm/android-cts/tools/../../android-cts/testcases/CtsScopedStorageHostTest.jar:/usr/local/.../android-cts-12.1_r6-linux_x86-arm/android-cts/tools/../../android-cts/testcases/CtsSeccompHostTestCases.jar:/usr/local/.../android-cts-12.1_r6-linux_x86-arm/android-cts/tools/../../android-cts/testcases/CtsSecurityHostTestCases.jar:/usr/local/.../android-cts-12.1_r6-linux_x86-arm/android-cts/tools/../../android-cts/testcases/CtsSettingsHostTestCases.jar:/usr/local/.../android-cts-12.1_r6-linux_x86-arm/android-cts/tools/../../android-cts/testcases/CtsShortcutHostTestCases.jar:/usr/local/.../android-cts-12.1_r6-linux_x86-arm/android-cts/tools/../../android-cts/testcases/CtsSignedConfigHostTestCases.jar:/usr/local/.../android-cts-12.1_r6-linux_x86-arm/android-cts/tools/../../android-cts/testcases/CtsSilentUpdateHostTestCases.jar:/usr/local/.../android-cts-12.1_r6-linux_x86-arm/android-cts/tools/../../android-cts/testcases/CtsStagedInstallHostTestCases.jar:/usr/local/.../android-cts-12.1_r6-linux_x86-arm/android-cts/tools/../../android-cts/testcases/CtsStatsdAtomHostTestCases.jar:/usr/local/.../android-cts-12.1_r6-linux_x86-arm/android-cts/tools/../../android-cts/testcases/CtsStatsdHostTestCases.jar:/usr/local/.../android-cts-12.1_r6-linux_x86-arm/android-cts/tools/../../android-cts/testcases/CtsStrictJavaPackagesTestCases.jar:/usr/local/.../android-cts-12.1_r6-linux_x86-arm/android-cts/tools/../../android-cts/testcases/CtsSustainedPerformanceHostTestCases.jar:/usr/local/.../android-cts-12.1_r6-linux_x86-arm/android-cts/tools/../../android-cts/testcases/CtsSyncContentHostTestCases.jar:/usr/local/.../android-cts-12.1_r6-linux_x86-arm/android-cts/tools/../../android-cts/testcases/CtsSystemUiHostTestCases.jar:/usr/local/.../android-cts-12.1_r6-linux_x86-arm/android-cts/tools/../../android-cts/testcases/CtsTaggingHostTestCases.jar:/usr/local/.../android-cts-12.1_r6-linux_x86-arm/android-cts/tools/../../android-cts/testcases/CtsTelephonyHostCases.jar:/usr/local/.../android-cts-12.1_r6-linux_x86-arm/android-cts/tools/../../android-cts/testcases/CtsTelephonyProviderHostCases.jar:/usr/local/.../android-cts-12.1_r6-linux_x86-arm/android-cts/tools/../../android-cts/testcases/CtsTestHarnessModeTestCases.jar:/usr/local/.../android-cts-12.1_r6-linux_x86-arm/android-cts/tools/../../android-cts/testcases/CtsThemeHostTestCases.jar:/usr/local/.../android-cts-12.1_r6-linux_x86-arm/android-cts/tools/../../android-cts/testcases/CtsUsbTests.jar:/usr/local/.../android-cts-12.1_r6-linux_x86-arm/android-cts/tools/../../android-cts/testcases/CtsUsesLibraryHostTestCases.jar:/usr/local/.../android-cts-12.1_r6-linux_x86-arm/android-cts/tools/../../android-cts/testcases/CtsUsesNativeLibraryTest.jar:/usr/local/.../android-cts-12.1_r6-linux_x86-arm/android-cts/tools/../../android-cts/testcases/CtsWifiBroadcastsHostTestCases.jar:/usr/local/.../android-cts-12.1_r6-linux_x86-arm/android-cts/tools/../../android-cts/testcases/ICU4CTestRunner.jar:/usr/local/.../android-cts-12.1_r6-linux_x86-arm/android-cts/tools/../../android-cts/testcases/jdi-support.jar" log_saving_time="89" target-preparer-setup-latency_com.android.compatibility.common.tradefed.targetprep.DynamicConfigPusher="443" collector_time_ms="5" test-type-count_AndroidJUnitTest="139" server_reference="c2631cba-0f21-4fbc-b4c7-89113b432026" target-preparer-teardown-latency_com.android.compatibility.common.tradefed.targetprep.PropertyCheck="1" target-preparer-teardown-latency_com.android.compatibility.common.tradefed.targetprep.StayAwakePreparer="0" target-preparer-setup-latency_com.android.compatibility.common.tradefed.targetprep.WifiCheck="2299" target-preparer-setup-latency_com.android.compatibility.common.tradefed.targetprep.ReportLogCollector="1" device_done_timestamp="1686805332852" push_file_time_ms="57" target-preparer-setup-latency_com.android.compatibility.common.tradefed.targetprep.ApkPreconditionCheck="3085" teardown_disk_usage_bytes="0" tf_dynamic_resolver_pair_timestamp="1686803801396:1686803801419" pull_file_count="2" does_file_exists_time_ms="259" pull_dir_count="2" target-preparer-teardown-latency_com.android.compatibility.common.tradefed.targetprep.SettingsPreparer="0" target-preparer-teardown-latency_com.android.compatibility.common.tradefed.targetprep.DynamicConfigPusher="1" fetch_build_time_ms="6" does_file_exists_count="6" tf_module_setup_pair_timestamp="1686803837390:1686803840165" target-preparer-teardown-latency_com.android.compatibility.common.tradefed.targetprep.ReportLogCollector="130" tf_setup_end_timestamp="1686803801527" pull_dir_time_ms="980" test_teardown="1686805332156:1686805332808" device_release_state="AVAILABLE" log_saving_count="30" target-preparer-teardown-latency_com.android.compatibility.common.tradefed.targetprep.WifiCheck="0" delete_device_file_count="1" check_device_availability="1686805331877:1686805332156" target-preparer-setup-latency_com.android.compatibility.common.tradefed.targetprep.PackageDisabler="170" target-preparer-teardown-latency_com.android.compatibility.common.tradefed.targetprep.ApkPreconditionCheck="1" pre_multi_preparer="1686803801527:1686803801527" tf_teardown_start_timestamp="1686805332156" target-preparer-setup-latency_com.android.compatibility.common.tradefed.targetprep.StayAwakePreparer="52" lab_setup="1686803801527:1686803801527" tf_module_teardown_pair_timestamp="1686805327888:1686805329336" tf_invocation_end_timestamp="1686805332858" target-preparer-setup-latency_com.android.compatibility.common.tradefed.targetprep.DeviceInfoCollector="21554" pull_file_time_ms="115" package_install_time_ms="3695" start_logcat="1686803801425:1686803801458" setup_time_ms="29596" target-preparer-setup-latency_com.android.compatibility.common.tradefed.targetprep.PropertyCheck="67" total_test_count="139" status_checker_pair="1686803835469:1686803837389,1686805329357:1686805331712" tf_test_teardown_pair_timestamp="1686805332156:1686805332335" fetch_artifact="1686803801419:1686803801425" tf_fetch_build_start_timestamp="1686803801419" target-preparer-setup-latency_com.android.compatibility.common.tradefed.targetprep.DeviceFileCollector="460" target-preparer-setup-latency_com.android.tradefed.targetprep.RunCommandTargetPreparer="1285" soft_restart_after_module="1" tf_test_setup_pair_timestamp="1686803801527:1686803801527,1686803801527:1686803831123" tf_invocation_start_timestamp="1686803801395" invocation_warm_up="1686803801395:1686803801396" target-preparer-teardown-latency_com.android.tradefed.targetprep.RunCommandTargetPreparer="39" target-preparer-teardown-latency_com.android.compatibility.common.tradefed.targetprep.DeviceInfoCollector="3" tf_setup_start_timestamp="1686803801527" package_install_count="5" tf_teardown_end_timestamp="1686805332808" device_count="1" tf_fetch_build_end_timestamp="1686803801425" tf_fetch_build_pair_timestamp="1686803801419:1686803801425" tf_teardown_pair_timestamp="1686805331758:1686805332156,1686805332335:1686805332709" target-preparer-setup-latency_com.android.compatibility.common.tradefed.targetprep.SettingsPreparer="109" tf_test_pair_timestamp="1686803831203:1686805331716" sharding="1686803801458:1686803801459" load_test_configs_time_ms="4109" dynamic_download="1686803801396:1686803801419" test_setup="1686803801527:1686803831123" test_execution="1686803831203:1686805331715" target-preparer-teardown-latency_com.android.compatibility.common.tradefed.targetprep.DeviceFileCollector="1" log_and_release_device="1686805332808:1686805332852" tf_setup_pair_timestamp="1686803801526:1686803801527,1686803801527:1686803801527" instru_collect_tests="1686803840547:1686803842836" delete_device_file_time_ms="42" target-preparer-teardown-latency_com.android.compatibility.common.tradefed.targetprep.PackageDisabler="1" push_file_count="1" tf_objects_tracking="com.android.tradefed.testtype.AndroidJUnitTest=1,com.android.compatibility.common.tradefed.targetprep.ApkInstrumentationPreparer=2,com.android.compatibility.common.tradefed.targetprep.WifiCheck=1,com.android.tradefed.targetprep.suite.SuiteApkInstaller=1,com.android.compatibility.common.tradefed.targetprep.DynamicConfigPusher=1,com.android.tradefed.targetprep.BaseTargetPreparer=18,com.android.compatibility.common.tradefed.targetprep.ApkPreconditionCheck=1,com.android.compatibility.common.tradefed.targetprep.DeviceInfoCollector=1,com.android.compatibility.common.tradefed.testtype.suite.CompatibilityTestSuite=1,com.android.tradefed.testtype.InstrumentationTest=1,com.android.compatibility.common.tradefed.targetprep.PreconditionPreparer=12,com.android.compatibility.common.tradefed.targetprep.PropertyCheck=3,com.android.compatibility.common.tradefed.build.CompatibilityBuildProvider=1,com.android.compatibility.common.tradefed.targetprep.StayAwakePreparer=1,com.android.compatibility.common.tradefed.targetprep.PackageDisabler=1,com.android.tradefed.targetprep.RunCommandTargetPreparer=3,com.android.tradefed.testtype.suite.BaseTestSuite=1,com.android.tradefed.testtype.suite.ITestSuite=1,com.android.compatibility.common.tradefed.targetprep.SettingsPreparer=3,com.android.compatibility.common.tradefed.targetprep.DeviceFileCollector=2,com.android.tradefed.targetprep.TestAppInstallSetup=1,com.android.compatibility.common.tradefed.targetprep.ReportLogCollector=1" device_kernel_info="Linux localhost 4.19.224-g9e23c2625924-ab8577203 #1 SMP PREEMPT Thu May 12 05:21:57 UTC 2022 aarch64" system_img_info="google/redfin/redfin:12/SQ3A.220705.003.A1/8672226:userdebug/dev-keys" vendor_img_info="google/redfin/redfin:12/SQ3A.220705.003.A1/8672226:userdebug/dev-keys" build_manufacturer="Google" build_abis_32="armeabi-v7a,armeabi" build_reference_fingerprint="" build_product="redfin" build_tags="dev-keys" build_version_incremental="8672226" build_brand="google" build_fingerprint="google/redfin/redfin:12/SQ3A.220705.003.A1/8672226:userdebug/dev-keys" build_model="Pixel 5" build_device="redfin" build_id="SQ3A.220705.003.A1" build_bootimage_fingerprint="google/redfin/redfin:12/SQ3A.220705.003.A1/8672226:userdebug/dev-keys" build_version_sdk="32" build_serial="0A031FDD4004FA" build_version_security_patch="2022-07-05" build_abi="arm64-v8a" build_abis_64="arm64-v8a" build_vendor_fingerprint="google/redfin/redfin:12/SQ3A.220705.003.A1/8672226:userdebug/dev-keys" build_version_base_os="" build_abis="arm64-v8a,armeabi-v7a,armeabi" build_board="redfin" build_type="userdebug" build_version_release="12" build_abi2="" />
    <Summary pass="117" failed="0" modules_done="1" modules_total="1" />
    <Module name="CtsJobSchedulerTestCases" abi="arm64-v8a" runtime="1489192" done="true" pass="117" total_tests="117">
        <TestCase name="android.jobscheduler.cts.BatteryConstraintTest">
            <Test result="pass" name="testBatteryNotLowConstraintExecutes_withPower" />
            <Test result="pass" name="testBatteryNotLowConstraintExecutes_withoutPower" />
            <Test result="pass" name="testBatteryNotLowConstraintFails_withoutPower" />
            <Test result="pass" name="testChargingConstraintExecutes" />
            <Test result="pass" name="testChargingConstraintFails" />
        </TestCase>
        <TestCase name="android.jobscheduler.cts.ComponentConstraintTest">
            <Test result="pass" name="testComponentDisabledAfterSchedule" />
            <Test result="pass" name="testComponentDisabledAndReenabledAfterSchedule" />
            <Test result="pass" name="testScheduleAfterComponentEnabled" />
        </TestCase>
        <TestCase name="android.jobscheduler.cts.ConnectivityConstraintTest">
            <Test result="pass" name="testBgExpeditedJobDoesNotBypassDataSaver" />
            <Test result="pass" name="testCellularConstraintExecutedAndStopped" />
            <Test result="pass" name="testCellularConstraintExecutedAndStopped_Foreground" />
            <Test result="pass" name="testCellularConstraintFails_withWiFi" />
            <Test result="pass" name="testConnectivityConstraintExecutes_metered_Wifi" />
            <Test result="pass" name="testConnectivityConstraintExecutes_metered_mobile" />
            <Test result="pass" name="testConnectivityConstraintExecutes_transitionNetworks" />
            <Test result="pass" name="testConnectivityConstraintExecutes_withMeteredWifi" />
            <Test result="pass" name="testConnectivityConstraintExecutes_withWifi" />
            <Test result="pass" name="testConnectivityConstraintExecutes_withWifi_DataSaverOn" />
            <Test result="pass" name="testEJMeteredConstraintFails_withMobile_DataSaverOn" />
            <Test result="pass" name="testExpeditedJobBypassesSimultaneousFirewalls_noDataSaver" />
            <Test result="pass" name="testExpeditedJobDoesNotBypassSimultaneousFirewalls_withDataSaver" />
            <Test result="pass" name="testExpeditedJobExecutes_BatterySaverOn" />
            <Test result="pass" name="testExpeditedJobExecutes_IdleApp" />
            <Test result="pass" name="testFgExpeditedJobBypassesDataSaver" />
            <Test result="pass" name="testJobParametersNetwork" />
            <Test result="pass" name="testMeteredConstraintFails_withMobile_DataSaverOn" />
            <Test result="pass" name="testMeteredConstraintFails_withWiFi" />
            <Test result="pass" name="testUnmeteredConstraintExecutes_withWifi" />
            <Test result="pass" name="testUnmeteredConstraintFails_withMeteredWiFi" />
        </TestCase>
        <TestCase name="android.jobscheduler.cts.ExpeditedJobTest">
            <Test result="pass" name="testJobUidState" />
        </TestCase>
        <TestCase name="android.jobscheduler.cts.IdleConstraintTest">
            <Test result="pass" name="testAutomotiveProjectionPreventsIdle" />
            <Test result="pass" name="testDeviceChangeIdleActiveState" />
            <Test result="pass" name="testIdleJobStartsOnlyWhenIdle_screenEndsIdle" />
            <Test result="pass" name="testIdleJobStartsOnlyWhenIdle_settingProjectionEndsIdle" />
            <Test result="pass" name="testScreenOffDeviceOnDockNoChangeState" />
            <Test result="pass" name="testScreenOnDeviceOnDockChangeState" />
        </TestCase>
        <TestCase name="android.jobscheduler.cts.JobInfoTest">
            <Test result="pass" name="testBackoffCriteria" />
            <Test result="pass" name="testBatteryNotLow" />
            <Test result="pass" name="testCharging" />
            <Test result="pass" name="testClipData" />
            <Test result="pass" name="testDeviceIdle" />
            <Test result="pass" name="testEstimatedNetworkBytes" />
            <Test result="pass" name="testExpeditedJob" />
            <Test result="pass" name="testExtras" />
            <Test result="pass" name="testImportantWhileForeground" />
            <Test result="pass" name="testMinimumLatency" />
            <Test result="pass" name="testOverrideDeadline" />
            <Test result="pass" name="testPeriodic" />
            <Test result="pass" name="testPersisted" />
            <Test result="pass" name="testPrefetch" />
            <Test result="pass" name="testRequiredNetwork" />
            <Test result="pass" name="testRequiredNetworkType" />
            <Test result="pass" name="testStorageNotLow" />
            <Test result="pass" name="testTransientExtras" />
            <Test result="pass" name="testTriggerContentMaxDelay" />
            <Test result="pass" name="testTriggerContentUpdateDelay" />
            <Test result="pass" name="testTriggerContentUri" />
        </TestCase>
        <TestCase name="android.jobscheduler.cts.JobParametersTest">
            <Test result="pass" name="testClipData" />
            <Test result="pass" name="testExpedited" />
            <Test result="pass" name="testExtras" />
            <Test result="pass" name="testJobId" />
            <Test result="pass" name="testStopReason" />
            <Test result="pass" name="testTransientExtras" />
        </TestCase>
        <TestCase name="android.jobscheduler.cts.JobSchedulingTest">
            <Test result="pass" name="testContinuingScheduleOnQuotaExceeded" />
            <Test result="pass" name="testFailingScheduleOnQuotaExceeded" />
            <Test result="pass" name="testMinSuccessfulSchedulingQuota" />
            <Test result="pass" name="testNonPersistedJobsNotLimited" />
        </TestCase>
        <TestCase name="android.jobscheduler.cts.JobThrottlingTest">
            <Test result="pass" name="testJobsInRestrictedBucket_CorrectParoleWhileCharging" />
            <Test result="pass" name="testExpeditedJobDeferredAfterTimeout_DozeAndBatterySaver" />
            <Test result="pass" name="testBackgroundConnectivityJobsThrottled" />
            <Test result="pass" name="testJobsInRestrictedBucket_WithRequiredNetwork" />
            <Test result="pass" name="testEJStoppedWhenRestricted" />
            <Test result="pass" name="testExpeditedJobBypassesDeviceIdle_toggling" />
            <Test result="pass" name="testRestrictedJobAllowedWhenUidActive" />
            <Test result="pass" name="testBatterySaverOff" />
            <Test result="pass" name="testLongExpeditedJobStoppedByBatterySaver" />
            <Test result="pass" name="testJobsInRestrictedBucket_NoRequiredNetwork" />
            <Test result="pass" name="testRestrictedJobStartedWhenUnrestricted" />
            <Test result="pass" name="testUidActiveBypassesBatterySaverOn" />
            <Test result="pass" name="testUidActiveBypassesStandby" />
            <Test result="pass" name="testBatterySaverOn" />
            <Test result="pass" name="testLongExpeditedJobStoppedByDoze" />
            <Test result="pass" name="testBatterySaverOnThenUidActive" />
            <Test result="pass" name="testRestrictedEJStartedWhenUnrestricted" />
            <Test result="pass" name="testExpeditedJobBypassesDeviceIdle" />
            <Test result="pass" name="testBackgroundJobsDelayed" />
            <Test result="pass" name="testRestrictingStopReason_Doze" />
            <Test result="pass" name="testExpeditedJobDeferredAfterTimeoutInBatterySaver" />
            <Test result="pass" name="testRestrictingStopReason_BatterySaver" />
            <Test result="pass" name="testRestrictedEJAllowedWhenUidActive" />
            <Test result="pass" name="testJobsInRestrictedBucket_ParoleSession" />
            <Test result="pass" name="testForegroundJobsStartImmediately" />
            <Test result="pass" name="testJobsInNeverApp" />
            <Test result="pass" name="testExpeditedJobBypassesBatterySaverOn" />
            <Test result="pass" name="testExpeditedJobDeferredAfterTimeoutInDoze" />
            <Test result="pass" name="testExpeditedJobBypassesBatterySaver_toggling" />
            <Test result="pass" name="testRestrictingStopReason_Quota" />
            <Test result="pass" name="testJobStoppedWhenRestricted" />
            <Test result="pass" name="testRestrictingStopReason_RestrictedBucket" />
            <Test result="pass" name="testAllowWhileIdleJobInTempwhitelist" />
            <Test result="pass" name="testJobsInRestrictedBucket_DeferredUntilFreeResources" />
        </TestCase>
        <TestCase name="android.jobscheduler.cts.JobWorkItemTest">
            <Test result="pass" name="testDeliveryCountBumped" />
            <Test result="pass" name="testIntentOnlyItem" />
            <Test result="pass" name="testItemWithEstimatedBytes" />
        </TestCase>
        <TestCase name="android.jobscheduler.cts.StorageConstraintTest">
            <Test result="pass" name="testJobStoppedWhenStorageLow" />
            <Test result="pass" name="testNotLowConstraintExecutes" />
            <Test result="pass" name="testNotLowConstraintFails" />
        </TestCase>
        <TestCase name="android.jobscheduler.cts.TimingConstraintsTest">
            <Test result="pass" name="testCancel" />
            <Test result="pass" name="testExplicitZeroLatency" />
            <Test result="pass" name="testJobParameters_expiredDeadline" />
            <Test result="pass" name="testJobParameters_unexpiredDeadline" />
            <Test result="pass" name="testScheduleOnce" />
            <Test result="pass" name="testSchedulePeriodic" />
            <Test result="pass" name="testSchedulePeriodic_lowFlex" />
        </TestCase>
        <TestCase name="android.jobscheduler.cts.TriggerContentTest">
            <Test result="pass" name="testDescendantsObserver" />
            <Test result="pass" name="testNonDescendantsObserver" />
            <Test result="pass" name="testPhotoAdded_Reschedule" />
        </TestCase>
    </Module>
</Result>
